<?xml version="1.0" encoding="UTF-8"?>
<testng-results ignored="0" total="1" passed="1" failed="0" skipped="0">
  <reporter-output>
    <line>
      <![CDATA[Facebook – log in or sign up]]>
    </line>
    <line>
      <![CDATA[https://www.facebook.com/login/?privacy_mutation_token=eyJ0eXBlIjowLCJjcmVhdGlvbl90aW1lIjoxNjUwNjEyNzUyLCJjYWxsc2l0ZV9pZCI6MzgxMjI5MDc5NTc1OTQ2fQ%3D%3D]]>
    </line>
  </reporter-output>
  <suite started-at="2022-04-22T13:02:22 IST" name="Failed suite [Default suite]" finished-at="2022-04-22T13:02:42 IST" duration-ms="19328">
    <groups>
    </groups>
    <test started-at="2022-04-22T13:02:22 IST" name="Default test(failed)" finished-at="2022-04-22T13:02:42 IST" duration-ms="19328">
      <class name="com.TestNG.Testcase1">
        <test-method is-config="true" signature="openapp()[pri:0, instance:com.TestNG.Testcase1@74455848]" started-at="2022-04-22T13:02:23 IST" name="openapp" finished-at="2022-04-22T13:02:35 IST" duration-ms="12818" status="PASS">
          <reporter-output>
          </reporter-output>
        </test-method> <!-- openapp -->
        <test-method signature="tc1()[pri:0, instance:com.TestNG.Testcase1@74455848]" started-at="2022-04-22T13:02:35 IST" name="tc1" finished-at="2022-04-22T13:02:40 IST" duration-ms="4954" status="PASS">
          <reporter-output>
            <line>
              <![CDATA[Facebook – log in or sign up]]>
            </line>
            <line>
              <![CDATA[https://www.facebook.com/login/?privacy_mutation_token=eyJ0eXBlIjowLCJjcmVhdGlvbl90aW1lIjoxNjUwNjEyNzUyLCJjYWxsc2l0ZV9pZCI6MzgxMjI5MDc5NTc1OTQ2fQ%3D%3D]]>
            </line>
          </reporter-output>
        </test-method> <!-- tc1 -->
        <test-method is-config="true" signature="closeapp()[pri:0, instance:com.TestNG.Testcase1@74455848]" started-at="2022-04-22T13:02:40 IST" name="closeapp" finished-at="2022-04-22T13:02:42 IST" duration-ms="1380" status="PASS">
          <reporter-output>
          </reporter-output>
        </test-method> <!-- closeapp -->
      </class> <!-- com.TestNG.Testcase1 -->
    </test> <!-- Default test(failed) -->
  </suite> <!-- Failed suite [Default suite] -->
</testng-results>
