<?xml version="1.0" encoding="UTF-8"?>
<!-- Generated by org.testng.reporters.JUnitReportReporter -->
<testsuite hostname="Z1-471" failures="0" tests="1" name="com.TestNG.Testcase1" time="19.152" errors="0" timestamp="2022-04-22T13:02:43 IST" skipped="0">
  <testcase classname="com.TestNG.Testcase1" name="tc1" time="19.152"/>
  <system-out>
    <![CDATA[Facebook – log in or sign up
https://www.facebook.com/login/?privacy_mutation_token=eyJ0eXBlIjowLCJjcmVhdGlvbl90aW1lIjoxNjUwNjEyNzUyLCJjYWxsc2l0ZV9pZCI6MzgxMjI5MDc5NTc1OTQ2fQ%3D%3D]]>
  </system-out>
</testsuite> <!-- com.TestNG.Testcase1 -->
